2025-06-18 18:10:47 INFO  c.e.demo.EurekaServerAppApplication - Starting EurekaServerAppApplication using Java 21.0.6 with PID 6748 (E:\BranchPickingSystem\EurekaServerApp\target\classes started by hp in E:\BranchPickingSystem\EurekaServerApp)
2025-06-18 18:10:47 INFO  c.e.demo.EurekaServerAppApplication - The following 1 profile is active: "docker"
2025-06-18 18:10:53 INFO  o.s.cloud.context.scope.GenericScope - BeanFactory id=bb8d7cc7-fd6d-319c-9c46-f80a54bd7517
2025-06-18 18:10:56 INFO  o.s.b.w.e.tomcat.TomcatWebServer - Tomcat initialized with port 8761 (http)
2025-06-18 18:10:56 INFO  o.a.catalina.core.StandardService - Starting service [Tomcat]
2025-06-18 18:10:56 INFO  o.a.catalina.core.StandardEngine - Starting Servlet engine: [Apache Tomcat/10.1.26]
2025-06-18 18:10:56 INFO  o.a.c.c.C.[Tomcat].[localhost].[/] - Initializing Spring embedded WebApplicationContext
2025-06-18 18:10:56 INFO  o.s.b.w.s.c.ServletWebServerApplicationContext - Root WebApplicationContext: initialization completed in 8233 ms
2025-06-18 18:11:00 INFO  c.n.d.p.DiscoveryJerseyProvider - Using JSON encoding codec LegacyJacksonJson
2025-06-18 18:11:00 INFO  c.n.d.p.DiscoveryJerseyProvider - Using JSON decoding codec LegacyJacksonJson
2025-06-18 18:11:01 INFO  c.n.d.p.DiscoveryJerseyProvider - Using XML encoding codec XStreamXml
2025-06-18 18:11:01 INFO  c.n.d.p.DiscoveryJerseyProvider - Using XML decoding codec XStreamXml
2025-06-18 18:11:07 WARN  o.s.c.l.c.LoadBalancerCacheAutoConfiguration$LoadBalancerCaffeineWarnLogger - Spring Cloud LoadBalancer is currently working with the default cache. While this cache implementation is useful for development and tests, it's recommended to use Caffeine cache in production.You can switch to using Caffeine cache, by adding it and org.springframework.cache.caffeine.CaffeineCacheManager to the classpath.
2025-06-18 18:11:07 INFO  o.s.c.n.eureka.InstanceInfoFactory - Setting initial instance status as: STARTING
2025-06-18 18:11:07 INFO  c.netflix.discovery.DiscoveryClient - Initializing Eureka in region us-east-1
2025-06-18 18:11:07 INFO  c.netflix.discovery.DiscoveryClient - Client configured to neither register nor query for data.
2025-06-18 18:11:07 INFO  c.netflix.discovery.DiscoveryClient - Discovery Client initialized at timestamp 1750250467190 with initial instances count: 0
2025-06-18 18:11:07 INFO  c.n.e.DefaultEurekaServerContext - Initializing ...
2025-06-18 18:11:07 INFO  c.n.eureka.cluster.PeerEurekaNodes - Adding new peer nodes [http://eureka-server:8761/eureka/]
2025-06-18 18:11:08 INFO  c.n.d.p.DiscoveryJerseyProvider - Using JSON encoding codec LegacyJacksonJson
2025-06-18 18:11:08 INFO  c.n.d.p.DiscoveryJerseyProvider - Using JSON decoding codec LegacyJacksonJson
2025-06-18 18:11:08 INFO  c.n.d.p.DiscoveryJerseyProvider - Using XML encoding codec XStreamXml
2025-06-18 18:11:08 INFO  c.n.d.p.DiscoveryJerseyProvider - Using XML decoding codec XStreamXml
2025-06-18 18:11:08 INFO  c.n.eureka.cluster.PeerEurekaNodes - Replica node URL:  http://eureka-server:8761/eureka/
2025-06-18 18:11:08 INFO  c.n.e.r.AbstractInstanceRegistry - Finished initializing remote region registries. All known remote regions: []
2025-06-18 18:11:08 INFO  c.n.e.DefaultEurekaServerContext - Initialized
2025-06-18 18:11:08 INFO  o.s.b.a.e.web.EndpointLinksResolver - Exposing 18 endpoints beneath base path '/actuator'
2025-06-18 18:11:08 INFO  o.s.c.n.e.s.EurekaServiceRegistry - Registering application EUREKA-SERVER with eureka with status UP
2025-06-18 18:11:08 INFO  o.s.c.n.e.s.EurekaServerBootstrap - isAws returned false
2025-06-18 18:11:08 INFO  o.s.c.n.e.s.EurekaServerBootstrap - Initialized server context
2025-06-18 18:11:08 INFO  c.n.e.r.PeerAwareInstanceRegistryImpl - Got 1 instances from neighboring DS node
2025-06-18 18:11:08 INFO  c.n.e.r.PeerAwareInstanceRegistryImpl - Renew threshold is: 1
2025-06-18 18:11:08 INFO  c.n.e.r.PeerAwareInstanceRegistryImpl - Changing status to UP
2025-06-18 18:11:08 INFO  o.s.c.n.e.s.EurekaServerInitializerConfiguration - Started Eureka Server
2025-06-18 18:11:08 INFO  o.s.c.n.e.s.EurekaServiceRegistry - Unregistering application EUREKA-SERVER with eureka with status DOWN
2025-06-18 18:11:08 INFO  o.s.c.n.e.s.EurekaServerBootstrap - Shutting down Eureka Server..
2025-06-18 18:11:08 INFO  c.n.e.DefaultEurekaServerContext - Shutting down ...
2025-06-18 18:11:08 INFO  c.n.e.DefaultEurekaServerContext - Shut down
2025-06-18 18:11:08 INFO  o.s.c.n.e.s.EurekaServerBootstrap - Eureka Service is now shutdown...
2025-06-18 18:11:08 WARN  o.s.b.w.s.c.AnnotationConfigServletWebServerApplicationContext - Exception encountered during context initialization - cancelling refresh attempt: org.springframework.context.ApplicationContextException: Failed to start bean 'webServerStartStop'
2025-06-18 18:11:08 INFO  c.n.e.DefaultEurekaServerContext - Shutting down ...
2025-06-18 18:11:08 INFO  c.n.e.DefaultEurekaServerContext - Shut down
2025-06-18 18:11:08 INFO  c.netflix.discovery.DiscoveryClient - Shutting down DiscoveryClient ...
2025-06-18 18:11:08 INFO  c.netflix.discovery.DiscoveryClient - Completed shut down of DiscoveryClient
2025-06-18 18:11:08 ERROR c.n.d.s.t.j.EurekaJersey3ClientImpl - Cannot clean connections
java.lang.IllegalStateException: Client instance has been closed.
	at org.glassfish.jersey.internal.guava.Preconditions.checkState(Preconditions.java:169)
	at org.glassfish.jersey.client.JerseyClient.checkNotClosed(JerseyClient.java:248)
	at org.glassfish.jersey.client.JerseyClient.getConfiguration(JerseyClient.java:363)
	at org.glassfish.jersey.client.JerseyClient.getConfiguration(JerseyClient.java:54)
	at com.netflix.discovery.shared.transport.jersey3.EurekaJersey3ClientImpl$ConnectionCleanerTask.run(EurekaJersey3ClientImpl.java:338)
	at java.base/java.util.concurrent.Executors$RunnableAdapter.call(Executors.java:572)
	at java.base/java.util.concurrent.FutureTask.run(FutureTask.java:317)
	at java.base/java.util.concurrent.ScheduledThreadPoolExecutor$ScheduledFutureTask.run(ScheduledThreadPoolExecutor.java:304)
	at java.base/java.util.concurrent.ThreadPoolExecutor.runWorker(ThreadPoolExecutor.java:1144)
	at java.base/java.util.concurrent.ThreadPoolExecutor$Worker.run(ThreadPoolExecutor.java:642)
	at java.base/java.lang.Thread.run(Thread.java:1583)
2025-06-18 18:11:09 INFO  o.s.b.a.l.ConditionEvaluationReportLogger - 

Error starting ApplicationContext. To display the condition evaluation report re-run your application with 'debug' enabled.
2025-06-18 18:11:09 ERROR o.s.b.d.LoggingFailureAnalysisReporter - 

***************************
APPLICATION FAILED TO START
***************************

Description:

Web server failed to start. Port 8761 was already in use.

Action:

Identify and stop the process that's listening on port 8761 or configure this application to listen on another port.

2025-06-18 18:11:53 INFO  c.e.demo.EurekaServerAppApplication - Starting EurekaServerAppApplication using Java 21.0.6 with PID 7752 (E:\BranchPickingSystem\EurekaServerApp\target\classes started by hp in E:\BranchPickingSystem\EurekaServerApp)
2025-06-18 18:11:53 INFO  c.e.demo.EurekaServerAppApplication - The following 1 profile is active: "docker"
2025-06-18 18:12:04 INFO  o.s.cloud.context.scope.GenericScope - BeanFactory id=bb8d7cc7-fd6d-319c-9c46-f80a54bd7517
2025-06-18 18:12:06 INFO  o.s.b.w.e.tomcat.TomcatWebServer - Tomcat initialized with port 8761 (http)
2025-06-18 18:12:06 INFO  o.a.catalina.core.StandardService - Starting service [Tomcat]
2025-06-18 18:12:06 INFO  o.a.catalina.core.StandardEngine - Starting Servlet engine: [Apache Tomcat/10.1.26]
2025-06-18 18:12:06 INFO  o.a.c.c.C.[Tomcat].[localhost].[/] - Initializing Spring embedded WebApplicationContext
2025-06-18 18:12:06 INFO  o.s.b.w.s.c.ServletWebServerApplicationContext - Root WebApplicationContext: initialization completed in 12163 ms
2025-06-18 18:12:11 INFO  c.n.d.p.DiscoveryJerseyProvider - Using JSON encoding codec LegacyJacksonJson
2025-06-18 18:12:11 INFO  c.n.d.p.DiscoveryJerseyProvider - Using JSON decoding codec LegacyJacksonJson
2025-06-18 18:12:12 INFO  c.n.d.p.DiscoveryJerseyProvider - Using XML encoding codec XStreamXml
2025-06-18 18:12:12 INFO  c.n.d.p.DiscoveryJerseyProvider - Using XML decoding codec XStreamXml
2025-06-18 18:12:17 WARN  o.s.c.l.c.LoadBalancerCacheAutoConfiguration$LoadBalancerCaffeineWarnLogger - Spring Cloud LoadBalancer is currently working with the default cache. While this cache implementation is useful for development and tests, it's recommended to use Caffeine cache in production.You can switch to using Caffeine cache, by adding it and org.springframework.cache.caffeine.CaffeineCacheManager to the classpath.
2025-06-18 18:12:17 INFO  o.s.c.n.eureka.InstanceInfoFactory - Setting initial instance status as: STARTING
2025-06-18 18:12:17 INFO  c.netflix.discovery.DiscoveryClient - Initializing Eureka in region us-east-1
2025-06-18 18:12:17 INFO  c.netflix.discovery.DiscoveryClient - Client configured to neither register nor query for data.
2025-06-18 18:12:17 INFO  c.netflix.discovery.DiscoveryClient - Discovery Client initialized at timestamp 1750250537981 with initial instances count: 0
2025-06-18 18:12:18 INFO  c.n.e.DefaultEurekaServerContext - Initializing ...
2025-06-18 18:12:18 INFO  c.n.eureka.cluster.PeerEurekaNodes - Adding new peer nodes [http://eureka-server:8761/eureka/]
2025-06-18 18:12:18 INFO  c.n.d.p.DiscoveryJerseyProvider - Using JSON encoding codec LegacyJacksonJson
2025-06-18 18:12:18 INFO  c.n.d.p.DiscoveryJerseyProvider - Using JSON decoding codec LegacyJacksonJson
2025-06-18 18:12:18 INFO  c.n.d.p.DiscoveryJerseyProvider - Using XML encoding codec XStreamXml
2025-06-18 18:12:18 INFO  c.n.d.p.DiscoveryJerseyProvider - Using XML decoding codec XStreamXml
2025-06-18 18:12:19 INFO  c.n.eureka.cluster.PeerEurekaNodes - Replica node URL:  http://eureka-server:8761/eureka/
2025-06-18 18:12:19 INFO  c.n.e.r.AbstractInstanceRegistry - Finished initializing remote region registries. All known remote regions: []
2025-06-18 18:12:19 INFO  c.n.e.DefaultEurekaServerContext - Initialized
2025-06-18 18:12:19 INFO  o.s.b.a.e.web.EndpointLinksResolver - Exposing 18 endpoints beneath base path '/actuator'
2025-06-18 18:12:19 INFO  o.s.c.n.e.s.EurekaServiceRegistry - Registering application EUREKA-SERVER with eureka with status UP
2025-06-18 18:12:19 INFO  o.s.c.n.e.s.EurekaServiceRegistry - Unregistering application EUREKA-SERVER with eureka with status DOWN
2025-06-18 18:12:19 WARN  o.s.b.w.s.c.AnnotationConfigServletWebServerApplicationContext - Exception encountered during context initialization - cancelling refresh attempt: org.springframework.context.ApplicationContextException: Failed to start bean 'webServerStartStop'
2025-06-18 18:12:19 INFO  c.n.e.DefaultEurekaServerContext - Shutting down ...
2025-06-18 18:12:19 INFO  c.n.e.DefaultEurekaServerContext - Shut down
2025-06-18 18:12:19 INFO  o.s.c.n.e.s.EurekaServerBootstrap - isAws returned false
2025-06-18 18:12:19 INFO  o.s.c.n.e.s.EurekaServerBootstrap - Initialized server context
2025-06-18 18:12:19 INFO  c.n.e.r.PeerAwareInstanceRegistryImpl - Got 1 instances from neighboring DS node
2025-06-18 18:12:19 INFO  c.n.e.r.PeerAwareInstanceRegistryImpl - Renew threshold is: 1
2025-06-18 18:12:19 INFO  c.n.e.r.PeerAwareInstanceRegistryImpl - Changing status to UP
2025-06-18 18:12:19 ERROR o.s.c.n.e.s.EurekaServerBootstrap - Cannot bootstrap eureka server :
java.lang.IllegalStateException: Timer already cancelled.
	at java.base/java.util.Timer.sched(Timer.java:409)
	at java.base/java.util.Timer.schedule(Timer.java:260)
	at com.netflix.eureka.registry.AbstractInstanceRegistry.postInit(AbstractInstanceRegistry.java:1226)
	at com.netflix.eureka.registry.PeerAwareInstanceRegistryImpl.openForTraffic(PeerAwareInstanceRegistryImpl.java:259)
	at org.springframework.cloud.netflix.eureka.server.InstanceRegistry.openForTraffic(InstanceRegistry.java:77)
	at org.springframework.cloud.netflix.eureka.server.EurekaServerBootstrap.initEurekaServerContext(EurekaServerBootstrap.java:112)
	at org.springframework.cloud.netflix.eureka.server.EurekaServerBootstrap.contextInitialized(EurekaServerBootstrap.java:70)
	at org.springframework.cloud.netflix.eureka.server.EurekaServerInitializerConfiguration.lambda$start$0(EurekaServerInitializerConfiguration.java:67)
	at java.base/java.lang.Thread.run(Thread.java:1583)
2025-06-18 18:12:19 ERROR o.s.c.n.e.s.EurekaServerInitializerConfiguration - Could not initialize Eureka servlet context
java.lang.RuntimeException: Cannot bootstrap eureka server :
	at org.springframework.cloud.netflix.eureka.server.EurekaServerBootstrap.contextInitialized(EurekaServerBootstrap.java:76)
	at org.springframework.cloud.netflix.eureka.server.EurekaServerInitializerConfiguration.lambda$start$0(EurekaServerInitializerConfiguration.java:67)
	at java.base/java.lang.Thread.run(Thread.java:1583)
Caused by: java.lang.IllegalStateException: Timer already cancelled.
	at java.base/java.util.Timer.sched(Timer.java:409)
	at java.base/java.util.Timer.schedule(Timer.java:260)
	at com.netflix.eureka.registry.AbstractInstanceRegistry.postInit(AbstractInstanceRegistry.java:1226)
	at com.netflix.eureka.registry.PeerAwareInstanceRegistryImpl.openForTraffic(PeerAwareInstanceRegistryImpl.java:259)
	at org.springframework.cloud.netflix.eureka.server.InstanceRegistry.openForTraffic(InstanceRegistry.java:77)
	at org.springframework.cloud.netflix.eureka.server.EurekaServerBootstrap.initEurekaServerContext(EurekaServerBootstrap.java:112)
	at org.springframework.cloud.netflix.eureka.server.EurekaServerBootstrap.contextInitialized(EurekaServerBootstrap.java:70)
	... 2 common frames omitted
2025-06-18 18:12:19 INFO  c.netflix.discovery.DiscoveryClient - Shutting down DiscoveryClient ...
2025-06-18 18:12:19 INFO  c.netflix.discovery.DiscoveryClient - Completed shut down of DiscoveryClient
2025-06-18 18:12:19 ERROR c.n.d.s.t.j.EurekaJersey3ClientImpl - Cannot clean connections
java.lang.IllegalStateException: Client instance has been closed.
	at org.glassfish.jersey.internal.guava.Preconditions.checkState(Preconditions.java:169)
	at org.glassfish.jersey.client.JerseyClient.checkNotClosed(JerseyClient.java:248)
	at org.glassfish.jersey.client.JerseyClient.getConfiguration(JerseyClient.java:363)
	at org.glassfish.jersey.client.JerseyClient.getConfiguration(JerseyClient.java:54)
	at com.netflix.discovery.shared.transport.jersey3.EurekaJersey3ClientImpl$ConnectionCleanerTask.run(EurekaJersey3ClientImpl.java:338)
	at java.base/java.util.concurrent.Executors$RunnableAdapter.call(Executors.java:572)
	at java.base/java.util.concurrent.FutureTask.run(FutureTask.java:317)
	at java.base/java.util.concurrent.ScheduledThreadPoolExecutor$ScheduledFutureTask.run(ScheduledThreadPoolExecutor.java:304)
	at java.base/java.util.concurrent.ThreadPoolExecutor.runWorker(ThreadPoolExecutor.java:1144)
	at java.base/java.util.concurrent.ThreadPoolExecutor$Worker.run(ThreadPoolExecutor.java:642)
	at java.base/java.lang.Thread.run(Thread.java:1583)
2025-06-18 18:12:19 INFO  o.s.b.a.l.ConditionEvaluationReportLogger - 

Error starting ApplicationContext. To display the condition evaluation report re-run your application with 'debug' enabled.
2025-06-18 18:12:19 ERROR o.s.b.d.LoggingFailureAnalysisReporter - 

***************************
APPLICATION FAILED TO START
***************************

Description:

Web server failed to start. Port 8761 was already in use.

Action:

Identify and stop the process that's listening on port 8761 or configure this application to listen on another port.

